<?xml version="1.0" encoding="UTF-8"?>
<!-- Generated by org.testng.reporters.JUnitReportReporter -->
<testsuite hostname="LAPTOP-EUBP25UQ" failures="0" tests="3" name="Test.HomePageTest" time="5.628" errors="0" timestamp="2022-09-24T21:50:13 IST" skipped="0">
  <testcase classname="Test.HomePageTest" name="urlTest" time="0.310"/>
  <system-out/>
  <testcase classname="Test.HomePageTest" name="logoTest" time="0.227"/>
  <system-out/>
  <testcase classname="Test.HomePageTest" name="searchFieldTest" time="5.091"/>
  <system-out/>
</testsuite> <!-- Test.HomePageTest -->
